<?xml version="1.0" encoding="UTF-8"?>
<testsuite xmlns:xsi="http://www.w3.org/2001/XMLSchema-instance" xsi:noNamespaceSchemaLocation="https://maven.apache.org/surefire/maven-surefire-plugin/xsd/surefire-test-report.xsd" name="TestSuite" time="17.79" tests="10" errors="0" skipped="0" failures="0">
  <properties>
    <property name="java.specification.version" value="13"/>
    <property name="sun.jnu.encoding" value="UTF-8"/>
    <property name="java.class.path" value="/Users/mhemnani/Documents/workspace/slackProject/target/test-classes:/Users/mhemnani/Documents/workspace/slackProject/target/classes:/Users/mhemnani/.m2/repository/io/rest-assured/rest-assured/4.3.0/rest-assured-4.3.0.jar:/Users/mhemnani/.m2/repository/org/codehaus/groovy/groovy/3.0.2/groovy-3.0.2.jar:/Users/mhemnani/.m2/repository/org/codehaus/groovy/groovy-xml/3.0.2/groovy-xml-3.0.2.jar:/Users/mhemnani/.m2/repository/org/apache/httpcomponents/httpclient/4.5.3/httpclient-4.5.3.jar:/Users/mhemnani/.m2/repository/org/apache/httpcomponents/httpcore/4.4.6/httpcore-4.4.6.jar:/Users/mhemnani/.m2/repository/commons-logging/commons-logging/1.2/commons-logging-1.2.jar:/Users/mhemnani/.m2/repository/commons-codec/commons-codec/1.9/commons-codec-1.9.jar:/Users/mhemnani/.m2/repository/org/apache/httpcomponents/httpmime/4.5.3/httpmime-4.5.3.jar:/Users/mhemnani/.m2/repository/org/hamcrest/hamcrest/2.1/hamcrest-2.1.jar:/Users/mhemnani/.m2/repository/org/ccil/cowan/tagsoup/tagsoup/1.2.1/tagsoup-1.2.1.jar:/Users/mhemnani/.m2/repository/io/rest-assured/xml-path/4.3.0/xml-path-4.3.0.jar:/Users/mhemnani/.m2/repository/jakarta/xml/bind/jakarta.xml.bind-api/2.3.2/jakarta.xml.bind-api-2.3.2.jar:/Users/mhemnani/.m2/repository/jakarta/activation/jakarta.activation-api/1.2.1/jakarta.activation-api-1.2.1.jar:/Users/mhemnani/.m2/repository/com/sun/xml/bind/jaxb-osgi/2.3.0.1/jaxb-osgi-2.3.0.1.jar:/Users/mhemnani/.m2/repository/org/apache/sling/org.apache.sling.javax.activation/0.1.0/org.apache.sling.javax.activation-0.1.0.jar:/Users/mhemnani/.m2/repository/javax/activation/activation/1.1.1/activation-1.1.1.jar:/Users/mhemnani/.m2/repository/com/opencsv/opencsv/4.0/opencsv-4.0.jar:/Users/mhemnani/.m2/repository/org/apache/commons/commons-lang3/3.6/commons-lang3-3.6.jar:/Users/mhemnani/.m2/repository/org/apache/commons/commons-text/1.1/commons-text-1.1.jar:/Users/mhemnani/.m2/repository/commons-beanutils/commons-beanutils/1.9.3/commons-beanutils-1.9.3.jar:/Users/mhemnani/.m2/repository/commons-collections/commons-collections/3.2.2/commons-collections-3.2.2.jar:/Users/mhemnani/.m2/repository/com/aventstack/extentreports/3.0.7/extentreports-3.0.7.jar:/Users/mhemnani/.m2/repository/org/freemarker/freemarker/2.3.23/freemarker-2.3.23.jar:/Users/mhemnani/.m2/repository/org/mongodb/mongodb-driver/3.3.0/mongodb-driver-3.3.0.jar:/Users/mhemnani/.m2/repository/org/mongodb/bson/3.3.0/bson-3.3.0.jar:/Users/mhemnani/.m2/repository/org/mongodb/mongodb-driver-core/3.3.0/mongodb-driver-core-3.3.0.jar:/Users/mhemnani/.m2/repository/org/jsoup/jsoup/1.9.2/jsoup-1.9.2.jar:/Users/mhemnani/.m2/repository/com/relevantcodes/extentreports/2.41.2/extentreports-2.41.2.jar:/Users/mhemnani/.m2/repository/org/xerial/sqlite-jdbc/3.8.11.1/sqlite-jdbc-3.8.11.1.jar:/Users/mhemnani/.m2/repository/io/rest-assured/json-path/4.3.0/json-path-4.3.0.jar:/Users/mhemnani/.m2/repository/org/codehaus/groovy/groovy-json/3.0.2/groovy-json-3.0.2.jar:/Users/mhemnani/.m2/repository/io/rest-assured/rest-assured-common/4.3.0/rest-assured-common-4.3.0.jar:/Users/mhemnani/.m2/repository/org/testng/testng/6.14.2/testng-6.14.2.jar:/Users/mhemnani/.m2/repository/com/beust/jcommander/1.72/jcommander-1.72.jar:/Users/mhemnani/.m2/repository/org/apache-extras/beanshell/bsh/2.0b6/bsh-2.0b6.jar:/Users/mhemnani/.m2/repository/io/rest-assured/json-schema-validator/4.3.0/json-schema-validator-4.3.0.jar:/Users/mhemnani/.m2/repository/com/github/java-json-tools/json-schema-validator/2.2.10/json-schema-validator-2.2.10.jar:/Users/mhemnani/.m2/repository/com/github/java-json-tools/json-schema-core/1.2.10/json-schema-core-1.2.10.jar:/Users/mhemnani/.m2/repository/com/github/java-json-tools/jackson-coreutils/1.9/jackson-coreutils-1.9.jar:/Users/mhemnani/.m2/repository/com/fasterxml/jackson/core/jackson-databind/2.2.3/jackson-databind-2.2.3.jar:/Users/mhemnani/.m2/repository/com/fasterxml/jackson/core/jackson-annotations/2.2.3/jackson-annotations-2.2.3.jar:/Users/mhemnani/.m2/repository/com/fasterxml/jackson/core/jackson-core/2.2.3/jackson-core-2.2.3.jar:/Users/mhemnani/.m2/repository/com/google/guava/guava/16.0.1/guava-16.0.1.jar:/Users/mhemnani/.m2/repository/com/github/fge/msg-simple/1.1/msg-simple-1.1.jar:/Users/mhemnani/.m2/repository/com/github/fge/btf/1.2/btf-1.2.jar:/Users/mhemnani/.m2/repository/com/github/fge/uri-template/0.9/uri-template-0.9.jar:/Users/mhemnani/.m2/repository/org/mozilla/rhino/1.7.7.1/rhino-1.7.7.1.jar:/Users/mhemnani/.m2/repository/javax/mail/mailapi/1.4.3/mailapi-1.4.3.jar:/Users/mhemnani/.m2/repository/joda-time/joda-time/2.9.7/joda-time-2.9.7.jar:/Users/mhemnani/.m2/repository/com/googlecode/libphonenumber/libphonenumber/8.0.0/libphonenumber-8.0.0.jar:/Users/mhemnani/.m2/repository/com/google/code/findbugs/jsr305/3.0.1/jsr305-3.0.1.jar:/Users/mhemnani/.m2/repository/net/sf/jopt-simple/jopt-simple/5.0.3/jopt-simple-5.0.3.jar:/Users/mhemnani/.m2/repository/com/google/code/gson/gson/2.8.6/gson-2.8.6.jar:/Users/mhemnani/.m2/repository/log4j/log4j/1.2.17/log4j-1.2.17.jar:"/>
    <property name="java.vm.vendor" value="Oracle Corporation"/>
    <property name="sun.arch.data.model" value="64"/>
    <property name="java.vendor.url" value="https://openjdk.java.net/"/>
    <property name="os.name" value="Mac OS X"/>
    <property name="java.vm.specification.version" value="13"/>
    <property name="sun.java.launcher" value="SUN_STANDARD"/>
    <property name="user.country" value="IN"/>
    <property name="sun.boot.library.path" value="/usr/local/Cellar/openjdk/13.0.2+8_2/libexec/openjdk.jdk/Contents/Home/lib"/>
    <property name="sun.java.command" value="/Users/mhemnani/Documents/workspace/slackProject/target/surefire/surefirebooter13758179326159657064.jar /Users/mhemnani/Documents/workspace/slackProject/target/surefire 2020-04-12T22-39-01_293-jvmRun1 surefire17385500102073110195tmp surefire_013603066340902654357tmp"/>
    <property name="jdk.debug" value="release"/>
    <property name="surefire.test.class.path" value="/Users/mhemnani/Documents/workspace/slackProject/target/test-classes:/Users/mhemnani/Documents/workspace/slackProject/target/classes:/Users/mhemnani/.m2/repository/io/rest-assured/rest-assured/4.3.0/rest-assured-4.3.0.jar:/Users/mhemnani/.m2/repository/org/codehaus/groovy/groovy/3.0.2/groovy-3.0.2.jar:/Users/mhemnani/.m2/repository/org/codehaus/groovy/groovy-xml/3.0.2/groovy-xml-3.0.2.jar:/Users/mhemnani/.m2/repository/org/apache/httpcomponents/httpclient/4.5.3/httpclient-4.5.3.jar:/Users/mhemnani/.m2/repository/org/apache/httpcomponents/httpcore/4.4.6/httpcore-4.4.6.jar:/Users/mhemnani/.m2/repository/commons-logging/commons-logging/1.2/commons-logging-1.2.jar:/Users/mhemnani/.m2/repository/commons-codec/commons-codec/1.9/commons-codec-1.9.jar:/Users/mhemnani/.m2/repository/org/apache/httpcomponents/httpmime/4.5.3/httpmime-4.5.3.jar:/Users/mhemnani/.m2/repository/org/hamcrest/hamcrest/2.1/hamcrest-2.1.jar:/Users/mhemnani/.m2/repository/org/ccil/cowan/tagsoup/tagsoup/1.2.1/tagsoup-1.2.1.jar:/Users/mhemnani/.m2/repository/io/rest-assured/xml-path/4.3.0/xml-path-4.3.0.jar:/Users/mhemnani/.m2/repository/jakarta/xml/bind/jakarta.xml.bind-api/2.3.2/jakarta.xml.bind-api-2.3.2.jar:/Users/mhemnani/.m2/repository/jakarta/activation/jakarta.activation-api/1.2.1/jakarta.activation-api-1.2.1.jar:/Users/mhemnani/.m2/repository/com/sun/xml/bind/jaxb-osgi/2.3.0.1/jaxb-osgi-2.3.0.1.jar:/Users/mhemnani/.m2/repository/org/apache/sling/org.apache.sling.javax.activation/0.1.0/org.apache.sling.javax.activation-0.1.0.jar:/Users/mhemnani/.m2/repository/javax/activation/activation/1.1.1/activation-1.1.1.jar:/Users/mhemnani/.m2/repository/com/opencsv/opencsv/4.0/opencsv-4.0.jar:/Users/mhemnani/.m2/repository/org/apache/commons/commons-lang3/3.6/commons-lang3-3.6.jar:/Users/mhemnani/.m2/repository/org/apache/commons/commons-text/1.1/commons-text-1.1.jar:/Users/mhemnani/.m2/repository/commons-beanutils/commons-beanutils/1.9.3/commons-beanutils-1.9.3.jar:/Users/mhemnani/.m2/repository/commons-collections/commons-collections/3.2.2/commons-collections-3.2.2.jar:/Users/mhemnani/.m2/repository/com/aventstack/extentreports/3.0.7/extentreports-3.0.7.jar:/Users/mhemnani/.m2/repository/org/freemarker/freemarker/2.3.23/freemarker-2.3.23.jar:/Users/mhemnani/.m2/repository/org/mongodb/mongodb-driver/3.3.0/mongodb-driver-3.3.0.jar:/Users/mhemnani/.m2/repository/org/mongodb/bson/3.3.0/bson-3.3.0.jar:/Users/mhemnani/.m2/repository/org/mongodb/mongodb-driver-core/3.3.0/mongodb-driver-core-3.3.0.jar:/Users/mhemnani/.m2/repository/org/jsoup/jsoup/1.9.2/jsoup-1.9.2.jar:/Users/mhemnani/.m2/repository/com/relevantcodes/extentreports/2.41.2/extentreports-2.41.2.jar:/Users/mhemnani/.m2/repository/org/xerial/sqlite-jdbc/3.8.11.1/sqlite-jdbc-3.8.11.1.jar:/Users/mhemnani/.m2/repository/io/rest-assured/json-path/4.3.0/json-path-4.3.0.jar:/Users/mhemnani/.m2/repository/org/codehaus/groovy/groovy-json/3.0.2/groovy-json-3.0.2.jar:/Users/mhemnani/.m2/repository/io/rest-assured/rest-assured-common/4.3.0/rest-assured-common-4.3.0.jar:/Users/mhemnani/.m2/repository/org/testng/testng/6.14.2/testng-6.14.2.jar:/Users/mhemnani/.m2/repository/com/beust/jcommander/1.72/jcommander-1.72.jar:/Users/mhemnani/.m2/repository/org/apache-extras/beanshell/bsh/2.0b6/bsh-2.0b6.jar:/Users/mhemnani/.m2/repository/io/rest-assured/json-schema-validator/4.3.0/json-schema-validator-4.3.0.jar:/Users/mhemnani/.m2/repository/com/github/java-json-tools/json-schema-validator/2.2.10/json-schema-validator-2.2.10.jar:/Users/mhemnani/.m2/repository/com/github/java-json-tools/json-schema-core/1.2.10/json-schema-core-1.2.10.jar:/Users/mhemnani/.m2/repository/com/github/java-json-tools/jackson-coreutils/1.9/jackson-coreutils-1.9.jar:/Users/mhemnani/.m2/repository/com/fasterxml/jackson/core/jackson-databind/2.2.3/jackson-databind-2.2.3.jar:/Users/mhemnani/.m2/repository/com/fasterxml/jackson/core/jackson-annotations/2.2.3/jackson-annotations-2.2.3.jar:/Users/mhemnani/.m2/repository/com/fasterxml/jackson/core/jackson-core/2.2.3/jackson-core-2.2.3.jar:/Users/mhemnani/.m2/repository/com/google/guava/guava/16.0.1/guava-16.0.1.jar:/Users/mhemnani/.m2/repository/com/github/fge/msg-simple/1.1/msg-simple-1.1.jar:/Users/mhemnani/.m2/repository/com/github/fge/btf/1.2/btf-1.2.jar:/Users/mhemnani/.m2/repository/com/github/fge/uri-template/0.9/uri-template-0.9.jar:/Users/mhemnani/.m2/repository/org/mozilla/rhino/1.7.7.1/rhino-1.7.7.1.jar:/Users/mhemnani/.m2/repository/javax/mail/mailapi/1.4.3/mailapi-1.4.3.jar:/Users/mhemnani/.m2/repository/joda-time/joda-time/2.9.7/joda-time-2.9.7.jar:/Users/mhemnani/.m2/repository/com/googlecode/libphonenumber/libphonenumber/8.0.0/libphonenumber-8.0.0.jar:/Users/mhemnani/.m2/repository/com/google/code/findbugs/jsr305/3.0.1/jsr305-3.0.1.jar:/Users/mhemnani/.m2/repository/net/sf/jopt-simple/jopt-simple/5.0.3/jopt-simple-5.0.3.jar:/Users/mhemnani/.m2/repository/com/google/code/gson/gson/2.8.6/gson-2.8.6.jar:/Users/mhemnani/.m2/repository/log4j/log4j/1.2.17/log4j-1.2.17.jar:"/>
    <property name="sun.cpu.endian" value="little"/>
    <property name="user.home" value="/Users/mhemnani"/>
    <property name="user.language" value="en"/>
    <property name="java.specification.vendor" value="Oracle Corporation"/>
    <property name="java.version.date" value="2020-01-14"/>
    <property name="java.home" value="/usr/local/Cellar/openjdk/13.0.2+8_2/libexec/openjdk.jdk/Contents/Home"/>
    <property name="file.separator" value="/"/>
    <property name="basedir" value="/Users/mhemnani/Documents/workspace/slackProject"/>
    <property name="java.vm.compressedOopsMode" value="Zero based"/>
    <property name="line.separator" value="&#10;"/>
    <property name="java.vm.specification.vendor" value="Oracle Corporation"/>
    <property name="java.specification.name" value="Java Platform API Specification"/>
    <property name="surefire.real.class.path" value="/Users/mhemnani/Documents/workspace/slackProject/target/surefire/surefirebooter13758179326159657064.jar"/>
    <property name="sun.management.compiler" value="HotSpot 64-Bit Tiered Compilers"/>
    <property name="java.runtime.version" value="13.0.2+8"/>
    <property name="user.name" value="mhemnani"/>
    <property name="path.separator" value=":"/>
    <property name="os.version" value="10.14.6"/>
    <property name="java.runtime.name" value="OpenJDK Runtime Environment"/>
    <property name="file.encoding" value="UTF-8"/>
    <property name="java.vm.name" value="OpenJDK 64-Bit Server VM"/>
    <property name="localRepository" value="/Users/mhemnani/.m2/repository"/>
    <property name="java.vendor.url.bug" value="https://bugreport.java.com/bugreport/"/>
    <property name="java.io.tmpdir" value="/var/folders/d0/g5m0bgzn2fjcf5v66lx601780000gn/T/"/>
    <property name="java.version" value="13.0.2"/>
    <property name="user.dir" value="/Users/mhemnani/Documents/workspace/slackProject"/>
    <property name="os.arch" value="x86_64"/>
    <property name="java.vm.specification.name" value="Java Virtual Machine Specification"/>
    <property name="java.library.path" value="/Users/mhemnani/Library/Java/Extensions:/Library/Java/Extensions:/Network/Library/Java/Extensions:/System/Library/Java/Extensions:/usr/lib/java:."/>
    <property name="java.vm.info" value="mixed mode, sharing"/>
    <property name="java.vendor" value="N/A"/>
    <property name="java.vm.version" value="13.0.2+8"/>
    <property name="sun.io.unicode.encoding" value="UnicodeBig"/>
    <property name="java.class.version" value="57.0"/>
  </properties>
  <testcase name="createSlackChannelTest" classname="test.SlackChannelTest" time="3.275"/>
  <testcase name="createSlackChannelTest" classname="test.SlackChannelTest" time="1.157"/>
  <testcase name="createSlackChannelTest" classname="test.SlackChannelTest" time="0.55"/>
  <testcase name="createSlackChannelTest" classname="test.SlackChannelTest" time="0.637"/>
  <testcase name="leaveSlackChannelTest" classname="test.SlackChannelTest" time="0.622"/>
  <testcase name="joinSlackChannelTest" classname="test.SlackChannelTest" time="1.627"/>
  <testcase name="renameSlackChannelTest" classname="test.SlackChannelTest" time="0.624"/>
  <testcase name="archiveSlackChannelTest" classname="test.SlackChannelTest" time="0.615"/>
  <testcase name="archiveSlackChannelValidationTest" classname="test.SlackChannelTest" time="0.586"/>
  <testcase name="listOfSlackChannelsAndValidateRenamedSlackChannelTest" classname="test.SlackChannelTest" time="0.633"/>
</testsuite>