<?xml version="1.0" encoding="UTF-8"?>
<!-- Generated by org.testng.reporters.JUnitReportReporter -->
<testsuite skipped="0" hostname="Mohits-MacBook-Pro.local" name="slackProject.renameChannel" tests="1" failures="0" timestamp="10 Apr 2020 18:54:20 GMT" time="3.606" errors="0">
  <testcase name="RenameSlackChannel" time="3.606" classname="slackProject.renameChannel"/>
</testsuite> <!-- slackProject.renameChannel -->
