<?xml version="1.0" encoding="UTF-8"?>
<!-- Generated by org.testng.reporters.JUnitReportReporter -->
<testsuite skipped="0" hostname="Mohits-MacBook-Pro.local" name="slackProject.Test1" tests="1" failures="0" timestamp="10 Apr 2020 17:19:05 GMT" time="4.298" errors="0">
  <testcase name="CreateSlackChannel" time="4.298" classname="slackProject.Test1"/>
</testsuite> <!-- slackProject.Test1 -->
