<?xml version="1.0" encoding="UTF-8"?>
<!-- Generated by org.testng.reporters.JUnitReportReporter -->
<testsuite skipped="0" hostname="Mohits-MacBook-Pro.local" name="slackProject.archiveChannel" tests="1" failures="0" timestamp="10 Apr 2020 21:09:05 GMT" time="2.218" errors="0">
  <testcase name="ArchiveSlackChannel" time="2.218" classname="slackProject.archiveChannel"/>
</testsuite> <!-- slackProject.archiveChannel -->
