<?xml version="1.0" encoding="UTF-8"?>
<!-- Generated by org.testng.reporters.JUnitReportReporter -->
<testsuite skipped="0" hostname="Mohits-MacBook-Pro.local" name="slackProject.createChannel" tests="1" failures="0" timestamp="10 Apr 2020 21:59:03 GMT" time="2.325" errors="0">
  <testcase name="CreateSlackChannel" time="2.325" classname="slackProject.createChannel"/>
</testsuite> <!-- slackProject.createChannel -->
