<?xml version="1.0" encoding="UTF-8"?>
<!-- Generated by org.testng.reporters.JUnitReportReporter -->
<testsuite skipped="0" hostname="Mohits-MacBook-Pro.local" name="slackProject.joinChannel" tests="1" failures="0" timestamp="10 Apr 2020 20:56:48 GMT" time="4.595" errors="0">
  <testcase name="JoinSlackChannel" time="4.595" classname="slackProject.joinChannel"/>
</testsuite> <!-- slackProject.joinChannel -->
