<?xml version="1.0" encoding="UTF-8"?>
<!-- Generated by org.testng.reporters.JUnitReportReporter -->
<testsuite skipped="0" hostname="Mohits-MacBook-Pro.local" name="slackProject.listChannel" tests="1" failures="0" timestamp="10 Apr 2020 21:03:44 GMT" time="4.035" errors="0">
  <testcase name="ListAllSlackChannel" time="4.035" classname="slackProject.listChannel"/>
</testsuite> <!-- slackProject.listChannel -->
