<?xml version="1.0" encoding="UTF-8"?>
<!-- Generated by org.testng.reporters.JUnitReportReporter -->
<testsuite skipped="0" hostname="Mohits-MacBook-Pro.local" name="slackProject.leaveChannel" tests="1" failures="0" timestamp="10 Apr 2020 20:57:14 GMT" time="3.501" errors="0">
  <testcase name="leaveSlackChannel" time="3.501" classname="slackProject.leaveChannel"/>
</testsuite> <!-- slackProject.leaveChannel -->
