<?xml version="1.0" encoding="UTF-8"?>
<!-- Generated by org.testng.reporters.JUnitReportReporter -->
<testsuite hostname="Mohits-MacBook-Pro.local" failures="0" tests="10" name="test.SlackChannelTest" time="10.324" errors="0" timestamp="12 Apr 2020 17:09:19 GMT" skipped="0">
  <testcase classname="test.SlackChannelTest" name="createSlackChannelTest" time="3.274"/>
  <testcase classname="test.SlackChannelTest" name="listOfSlackChannelsAndValidateRenamedSlackChannelTest" time="0.627"/>
  <testcase classname="test.SlackChannelTest" name="createSlackChannelTest" time="0.558"/>
  <testcase classname="test.SlackChannelTest" name="archiveSlackChannelValidationTest" time="0.586"/>
  <testcase classname="test.SlackChannelTest" name="joinSlackChannelTest" time="1.634"/>
  <testcase classname="test.SlackChannelTest" name="createSlackChannelTest" time="0.640"/>
  <testcase classname="test.SlackChannelTest" name="leaveSlackChannelTest" time="0.613"/>
  <testcase classname="test.SlackChannelTest" name="createSlackChannelTest" time="1.149"/>
  <testcase classname="test.SlackChannelTest" name="renameSlackChannelTest" time="0.620"/>
  <testcase classname="test.SlackChannelTest" name="archiveSlackChannelTest" time="0.623"/>
</testsuite> <!-- test.SlackChannelTest -->
