<?xml version="1.0" encoding="UTF-8"?>
<!-- Generated by org.testng.reporters.JUnitReportReporter -->
<testsuite hostname="Mohits-MacBook-Pro.local" failures="0" tests="10" name="test.SlackChannelTest" time="9.730" errors="0" timestamp="12 Apr 2020 15:29:26 GMT" skipped="0">
  <testcase classname="test.SlackChannelTest" name="archiveSlackChannelValidationTest" time="0.639"/>
  <testcase classname="test.SlackChannelTest" name="createSlackChannelTest" time="0.548"/>
  <testcase classname="test.SlackChannelTest" name="listOfSlackChannelsAndValidateRenamedSlackChannelTest" time="0.525"/>
  <testcase classname="test.SlackChannelTest" name="createSlackChannelTest" time="1.103"/>
  <testcase classname="test.SlackChannelTest" name="leaveSlackChannelTest" time="0.572"/>
  <testcase classname="test.SlackChannelTest" name="joinSlackChannelTest" time="1.547"/>
  <testcase classname="test.SlackChannelTest" name="createSlackChannelTest" time="0.628"/>
  <testcase classname="test.SlackChannelTest" name="createSlackChannelTest" time="2.853"/>
  <testcase classname="test.SlackChannelTest" name="renameSlackChannelTest" time="0.666"/>
  <testcase classname="test.SlackChannelTest" name="archiveSlackChannelTest" time="0.649"/>
</testsuite> <!-- test.SlackChannelTest -->
